[debug] [2024-06-10T03:05:19.066Z] ----------------------------------------------------------------------
[debug] [2024-06-10T03:05:19.068Z] Command:       /usr/local/share/nvm/versions/node/v20.14.0/bin/node /home/codespace/nvm/current/bin/firebase init
[debug] [2024-06-10T03:05:19.068Z] CLI Version:   13.11.2
[debug] [2024-06-10T03:05:19.069Z] Platform:      linux
[debug] [2024-06-10T03:05:19.069Z] Node Version:  v20.14.0
[debug] [2024-06-10T03:05:19.069Z] Time:          Mon Jun 10 2024 03:05:19 GMT+0000 (Coordinated Universal Time)
[debug] [2024-06-10T03:05:19.069Z] Env Overrides: GITHUB_API_URL
[debug] [2024-06-10T03:05:19.069Z] ----------------------------------------------------------------------
[debug] 
[debug] [2024-06-10T03:05:19.073Z] > command requires scopes: ["email","openid","https://www.googleapis.com/auth/cloudplatformprojects.readonly","https://www.googleapis.com/auth/firebase","https://www.googleapis.com/auth/cloud-platform"]
[debug] [2024-06-10T03:05:19.073Z] > authorizing via signed-in user (thisisprincesharma@gmail.com)
[info] 
     ######## #### ########  ######## ########     ###     ######  ########
     ##        ##  ##     ## ##       ##     ##  ##   ##  ##       ##
     ######    ##  ########  ######   ########  #########  ######  ######
     ##        ##  ##    ##  ##       ##     ## ##     ##       ## ##
     ##       #### ##     ## ######## ########  ##     ##  ######  ########

You're about to initialize a Firebase project in this directory:

  /workspaces/net-cl/net-cl

Before we get started, keep in mind:

  * You are currently outside your home directory

[info] 
=== Project Setup
[info] 
[info] First, let's associate this project directory with a Firebase project.
[info] You can create multiple project aliases by running firebase use --add, 
[info] but for now we'll just set up a default project.
[info] 
[debug] [2024-06-10T03:05:26.604Z] >>> [apiv2][query] GET https://firebase.googleapis.com/v1beta1/projects pageSize=100
[debug] [2024-06-10T03:05:26.957Z] <<< [apiv2][status] GET https://firebase.googleapis.com/v1beta1/projects 200
[debug] [2024-06-10T03:05:26.958Z] <<< [apiv2][body] GET https://firebase.googleapis.com/v1beta1/projects [omitted]
[info] i  Using project net-clo (net-cl) 
[info] 
=== Hosting Setup
[debug] [2024-06-10T03:05:28.872Z] >>> [apiv2][query] GET https://firebase.googleapis.com/v1beta1/projects/net-clo [none]
[debug] [2024-06-10T03:05:29.160Z] <<< [apiv2][status] GET https://firebase.googleapis.com/v1beta1/projects/net-clo 200
[debug] [2024-06-10T03:05:29.161Z] <<< [apiv2][body] GET https://firebase.googleapis.com/v1beta1/projects/net-clo {"projectId":"net-clo","projectNumber":"153212636222","displayName":"net-cl","name":"projects/net-clo","resources":{"hostingSite":"net-clo"},"state":"ACTIVE","etag":"1_9826806b-3eea-4c3d-99d6-b8fcfb004ca0"}
[info] 
[info] Your public directory is the folder (relative to your project directory) that
[info] will contain Hosting assets to be uploaded with firebase deploy. If you
[info] have a build process for your assets, use your build's output directory.
[info] 
[debug] [2024-06-10T03:07:07.471Z] >>> [apiv2][query] GET https://www.gstatic.com/firebasejs/releases.json [none]
[debug] [2024-06-10T03:07:07.492Z] <<< [apiv2][status] GET https://www.gstatic.com/firebasejs/releases.json 200
[debug] [2024-06-10T03:07:07.492Z] <<< [apiv2][body] GET https://www.gstatic.com/firebasejs/releases.json {"current":{"version":"10.12.2","browserURL":"https://www.gstatic.com/firebasejs/10.12.2/firebase.js","packageURL":"https://www.gstatic.com/firebasejs/10.12.2/firebase.tgz"},"live":{"version":"10.12","browserURL":"https://www.gstatic.com/firebasejs/live/10.12/firebase.js","packageURL":"https://www.gstatic.com/firebasejs/live/10.12/firebase.tgz"},"components":{"analytics":"https://www.gstatic.com/firebasejs/10.12.2/firebase-analytics.js","app":"https://www.gstatic.com/firebasejs/10.12.2/firebase-app.js","app-check":"https://www.gstatic.com/firebasejs/10.12.2/firebase-app-check.js","auth":"https://www.gstatic.com/firebasejs/10.12.2/firebase-auth.js","auth/cordova":"https://www.gstatic.com/firebasejs/10.12.2/firebase-auth/cordova.js","auth/web-extension":"https://www.gstatic.com/firebasejs/10.12.2/firebase-auth/web-extension.js","functions":"https://www.gstatic.com/firebasejs/10.12.2/firebase-functions.js","firestore":"https://www.gstatic.com/firebasejs/10.12.2/firebase-firestore.js","firestore/lite":"https://www.gstatic.com/firebasejs/10.12.2/firebase-firestore/lite.js","installations":"https://www.gstatic.com/firebasejs/10.12.2/firebase-installations.js","storage":"https://www.gstatic.com/firebasejs/10.12.2/firebase-storage.js","performance":"https://www.gstatic.com/firebasejs/10.12.2/firebase-performance.js","remote-config":"https://www.gstatic.com/firebasejs/10.12.2/firebase-remote-config.js","messaging":"https://www.gstatic.com/firebasejs/10.12.2/firebase-messaging.js","messaging/sw":"https://www.gstatic.com/firebasejs/10.12.2/firebase-messaging/sw.js","database":"https://www.gstatic.com/firebasejs/10.12.2/firebase-database.js","vertexai-preview":"https://www.gstatic.com/firebasejs/10.12.2/firebase-vertexai-preview.js","firestore.memory":"https://www.gstatic.com/firebasejs/10.12.2/firebase-firestore.memory.js"}}
[info] ✔  Wrote build/index.html 
[info] 
[info] i  Detected a .git folder at /workspaces/net-cl 
[info] i  Authorizing with GitHub to upload your service account to a GitHub repository's secrets store. 
[info] 
[info] Visit this URL on this device to log in:
[info] https://github.com/login/oauth/authorize?client_id=89cf50f02ac6aaed3484&state=1041253339&redirect_uri=http%3A%2F%2Flocalhost%3A9005&scope=read%3Auser%20repo%20public_repo
[info] 
[info] Waiting for authentication...
[debug] [2024-06-10T03:07:17.431Z] >>> [apiv2][query] POST https://github.com/login/oauth/access_token [none]
[debug] [2024-06-10T03:07:17.431Z] >>> [apiv2][body] POST https://github.com/login/oauth/access_token [stream]
[debug] [2024-06-10T03:07:17.549Z] <<< [apiv2][status] POST https://github.com/login/oauth/access_token 200
[debug] [2024-06-10T03:07:17.549Z] <<< [apiv2][body] POST https://github.com/login/oauth/access_token {"access_token":"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","token_type":"bearer","scope":"read:user,repo"}
[debug] [2024-06-10T03:07:17.558Z] >>> [apiv2][query] GET https://api.github.com/user [none]
[debug] [2024-06-10T03:07:17.679Z] <<< [apiv2][status] GET https://api.github.com/user 200
[debug] [2024-06-10T03:07:17.679Z] <<< [apiv2][body] GET https://api.github.com/user {"login":"thisis-princeSharma","id":121371635,"node_id":"U_kgDOBzv78w","avatar_url":"https://avatars.githubusercontent.com/u/121371635?v=4","gravatar_id":"","url":"https://api.github.com/users/thisis-princeSharma","html_url":"https://github.com/thisis-princeSharma","followers_url":"https://api.github.com/users/thisis-princeSharma/followers","following_url":"https://api.github.com/users/thisis-princeSharma/following{/other_user}","gists_url":"https://api.github.com/users/thisis-princeSharma/gists{/gist_id}","starred_url":"https://api.github.com/users/thisis-princeSharma/starred{/owner}{/repo}","subscriptions_url":"https://api.github.com/users/thisis-princeSharma/subscriptions","organizations_url":"https://api.github.com/users/thisis-princeSharma/orgs","repos_url":"https://api.github.com/users/thisis-princeSharma/repos","events_url":"https://api.github.com/users/thisis-princeSharma/events{/privacy}","received_events_url":"https://api.github.com/users/thisis-princeSharma/received_events","type":"User","site_admin":false,"name":"PrinceSharma","company":null,"blog":"","location":null,"email":null,"hireable":null,"bio":null,"twitter_username":null,"public_repos":1,"public_gists":0,"followers":0,"following":0,"created_at":"2022-12-25T05:30:46Z","updated_at":"2024-06-08T16:15:39Z","private_gists":0,"total_private_repos":2,"owned_private_repos":2,"disk_usage":2178,"collaborators":0,"two_factor_authentication":false,"plan":{"name":"free","space":976562499,"collaborators":0,"private_repos":10000}}
[info] 
[info] ✔  Success! Logged into GitHub as thisis-princeSharma 
[info] 
[debug] [2024-06-10T03:09:00.897Z] >>> [apiv2][query] GET https://api.github.com/repos//actions/secrets/public-key type=owner
[debug] [2024-06-10T03:09:00.964Z] <<< [apiv2][status] GET https://api.github.com/repos//actions/secrets/public-key 404
[debug] [2024-06-10T03:09:00.964Z] <<< [apiv2][body] GET https://api.github.com/repos//actions/secrets/public-key {"message":"Not Found","documentation_url":"https://docs.github.com/rest","status":"404"}
[info] 
[info] 
[error] ⚠  The provided authorization cannot be used with this repository. If this repository is in an organization, did you remember to grant access? 
[info] 
[info] i  Action required: Visit this URL to ensure access has been granted to the appropriate organization(s) for the Firebase CLI GitHub OAuth App: 
[info] https://github.com/settings/connections/applications/89cf50f02ac6aaed3484
[info] 
